TN:
SF:src\resolvers.js
FN:7,(anonymous_6)
FN:7,_callee
FN:14,(anonymous_10)
FN:14,_callee2
FN:23,(anonymous_14)
FN:23,_callee3
FN:26,(anonymous_18)
FN:26,_callee4
FN:29,(anonymous_22)
FN:29,_callee5
FN:36,(anonymous_26)
FN:36,_callee6
FN:43,(anonymous_30)
FN:43,_callee7
FNF:14
FNH:14
FNDA:7,(anonymous_6)
FNDA:19,_callee
FNDA:3,(anonymous_10)
FNDA:8,_callee2
FNDA:6,(anonymous_14)
FNDA:19,_callee3
FNDA:3,(anonymous_18)
FNDA:7,_callee4
FNDA:3,(anonymous_22)
FNDA:7,_callee5
FNDA:3,(anonymous_26)
FNDA:7,_callee6
FNDA:3,(anonymous_30)
FNDA:8,_callee7
DA:1,1
DA:2,1
DA:3,1
DA:5,1
DA:7,51
DA:14,22
DA:23,52
DA:26,19
DA:29,19
DA:36,19
DA:43,22
LF:11
LH:11
BRDA:7,0,0,6
BRDA:7,0,1,1
BRDA:7,0,2,0
BRDA:7,0,3,6
BRDA:14,1,0,2
BRDA:14,1,1,2
BRDA:14,1,2,0
BRDA:14,1,3,2
BRDA:23,2,0,5
BRDA:23,2,1,4
BRDA:23,2,2,0
BRDA:23,2,3,5
BRDA:26,3,0,2
BRDA:26,3,1,1
BRDA:26,3,2,0
BRDA:26,3,3,2
BRDA:29,4,0,2
BRDA:29,4,1,1
BRDA:29,4,2,0
BRDA:29,4,3,2
BRDA:36,5,0,2
BRDA:36,5,1,1
BRDA:36,5,2,0
BRDA:36,5,3,2
BRDA:43,6,0,2
BRDA:43,6,1,2
BRDA:43,6,2,0
BRDA:43,6,3,2
BRF:28
BRH:21
end_of_record
TN:
SF:src\typeDefs.js
FNF:0
FNH:0
DA:1,1
DA:3,1
LF:2
LH:2
BRDA:3,0,0,1
BRDA:3,0,1,1
BRF:2
BRH:2
end_of_record
TN:
SF:src\controllers\auth.controller.js
FN:7,(anonymous_13)
FN:7,_callee
FN:11,(anonymous_16)
FN:7,requireAuth
FN:18,(anonymous_18)
FN:18,_callee2
FN:18,register
FN:33,(anonymous_22)
FN:33,_callee3
FN:33,login
FNF:10
FNH:10
FNDA:1,(anonymous_13)
FNDA:60,_callee
FNDA:12,(anonymous_16)
FNDA:14,requireAuth
FNDA:1,(anonymous_18)
FNDA:10,_callee2
FNDA:2,register
FNDA:1,(anonymous_22)
FNDA:25,_callee3
FNDA:5,login
DA:1,1
DA:2,1
DA:3,1
DA:4,1
DA:5,1
DA:7,277
DA:9,13
DA:11,11
DA:12,12
DA:13,11
DA:18,35
DA:19,2
DA:23,1
DA:24,1
DA:33,112
DA:34,5
DA:39,5
DA:43,4
DA:54,1
LF:19
LH:19
BRDA:7,0,0,14
BRDA:7,0,1,13
BRDA:7,0,2,12
BRDA:7,0,3,11
BRDA:7,0,4,7
BRDA:7,0,5,0
BRDA:7,0,6,14
BRDA:7,1,0,25
BRDA:7,1,1,2
BRDA:12,2,0,1
BRDA:12,2,1,11
BRDA:18,3,0,2
BRDA:18,3,1,2
BRDA:18,3,2,1
BRDA:18,3,3,1
BRDA:18,3,4,1
BRDA:18,3,5,0
BRDA:18,3,6,2
BRDA:18,4,0,1
BRDA:18,4,1,1
BRDA:33,5,0,5
BRDA:33,5,1,5
BRDA:33,5,2,5
BRDA:33,5,3,5
BRDA:33,5,4,4
BRDA:33,5,5,0
BRDA:33,5,6,5
BRDA:33,6,0,9
BRDA:33,6,1,1
BRF:29
BRH:26
end_of_record
TN:
SF:src\controllers\location.controller.js
FN:4,(anonymous_12)
FN:4,_callee
FN:4,getLocation
FN:27,(anonymous_16)
FN:27,_callee2
FN:27,addLocation
FN:58,(anonymous_20)
FN:58,_callee3
FN:58,noteForAssistance
FNF:9
FNH:9
FNDA:1,(anonymous_12)
FNDA:13,_callee
FNDA:3,getLocation
FNDA:1,(anonymous_16)
FNDA:10,_callee2
FNDA:2,addLocation
FNDA:1,(anonymous_20)
FNDA:12,_callee3
FNDA:2,noteForAssistance
DA:1,1
DA:2,1
DA:4,43
DA:5,3
DA:19,1
DA:27,38
DA:29,2
DA:44,1
DA:58,46
DA:60,2
DA:77,1
DA:88,1
DA:94,1
DA:105,1
LF:14
LH:14
BRDA:4,0,0,3
BRDA:4,0,1,3
BRDA:4,0,2,1
BRDA:4,0,3,1
BRDA:4,0,4,0
BRDA:4,0,5,3
BRDA:4,1,0,1
BRDA:4,1,1,2
BRDA:27,2,0,2
BRDA:27,2,1,2
BRDA:27,2,2,1
BRDA:27,2,3,1
BRDA:27,2,4,1
BRDA:27,2,5,0
BRDA:27,2,6,2
BRDA:27,3,0,1
BRDA:27,3,1,1
BRDA:58,4,0,2
BRDA:58,4,1,2
BRDA:58,4,2,1
BRDA:58,4,3,1
BRDA:58,4,4,1
BRDA:58,4,5,1
BRDA:58,4,6,1
BRDA:58,4,7,0
BRDA:58,4,8,2
BRDA:58,5,0,1
BRDA:58,5,1,1
BRF:28
BRH:25
end_of_record
TN:
SF:src\controllers\protocolRating.controller.js
FN:3,(anonymous_6)
FN:3,_callee2
FN:20,(anonymous_9)
FN:20,_callee
FN:3,rateLocation
FN:41,(anonymous_14)
FN:41,_callee3
FN:74,(anonymous_17)
FN:80,(anonymous_18)
FN:41,getLocationRatingsAverages
FNF:10
FNH:10
FNDA:1,(anonymous_6)
FNDA:8,_callee2
FNDA:6,(anonymous_9)
FNDA:15,_callee
FNDA:2,rateLocation
FNDA:1,(anonymous_14)
FNDA:10,_callee3
FNDA:5,(anonymous_17)
FNDA:4,(anonymous_18)
FNDA:2,getLocationRatingsAverages
DA:1,1
DA:3,28
DA:4,2
DA:20,40
DA:21,5
DA:41,30
DA:42,2
DA:43,2
DA:57,2
DA:73,2
DA:74,1
DA:75,5
DA:80,4
DA:87,1
LF:14
LH:14
BRDA:3,0,0,2
BRDA:3,0,1,2
BRDA:3,0,2,1
BRDA:3,0,3,0
BRDA:3,0,4,0
BRDA:3,0,5,2
BRDA:3,1,0,1
BRDA:3,1,1,1
BRDA:20,2,0,5
BRDA:20,2,1,5
BRDA:20,2,2,5
BRDA:41,3,0,2
BRDA:41,3,1,2
BRDA:41,3,2,2
BRDA:41,3,3,0
BRDA:41,3,4,2
BRDA:73,4,0,1
BRDA:73,4,1,1
BRDA:80,5,0,1
BRDA:80,5,1,1
BRF:20
BRH:17
end_of_record
TN:
SF:src\models\AssistanceEntries.js
FNF:0
FNH:0
DA:1,1
DA:2,1
DA:4,1
DA:14,1
DA:20,1
LF:5
LH:5
BRF:0
BRH:0
end_of_record
TN:
SF:src\models\Location.js
FN:26,(anonymous_6)
FNF:1
FNH:0
FNDA:0,(anonymous_6)
DA:1,1
DA:3,1
DA:15,1
DA:22,1
DA:24,1
DA:26,1
DA:28,1
LF:7
LH:7
BRF:0
BRH:0
end_of_record
TN:
SF:src\models\ProtocolRating.js
FN:19,(anonymous_6)
FNF:1
FNH:0
FNDA:0,(anonymous_6)
DA:1,1
DA:2,1
DA:4,1
DA:11,1
DA:13,1
DA:19,1
DA:21,1
LF:7
LH:7
BRF:0
BRH:0
end_of_record
TN:
SF:src\models\User.js
FNF:0
FNH:0
DA:1,1
DA:2,1
DA:3,1
DA:5,1
LF:4
LH:4
BRF:0
BRH:0
end_of_record
TN:
SF:src\tests\__utils.js
FN:11,(anonymous_17)
FN:11,_callee
FN:15,context
FN:29,(anonymous_21)
FN:11,startServer
FN:34,(anonymous_23)
FN:34,_callee2
FN:34,dropCollections
FN:42,(anonymous_27)
FN:42,_callee3
FN:42,getAuth
FNF:11
FNH:11
FNDA:1,(anonymous_17)
FNDA:5,_callee
FNDA:21,context
FNDA:1,(anonymous_21)
FNDA:1,startServer
FNDA:1,(anonymous_23)
FNDA:8,_callee2
FNDA:1,dropCollections
FNDA:1,(anonymous_27)
FNDA:12,_callee3
FNDA:3,getAuth
DA:1,1
DA:2,1
DA:3,1
DA:4,1
DA:5,1
DA:6,1
DA:7,1
DA:9,1
DA:11,15
DA:12,1
DA:15,21
DA:16,21
DA:17,21
DA:20,1
DA:22,1
DA:29,1
DA:34,55
DA:35,1
DA:37,4
DA:42,33
DA:43,3
LF:21
LH:21
BRDA:11,0,0,1
BRDA:11,0,1,1
BRDA:11,0,2,1
BRDA:11,0,3,0
BRDA:11,0,4,1
BRDA:16,1,0,21
BRDA:16,1,1,8
BRDA:34,2,0,1
BRDA:34,2,1,1
BRDA:34,2,2,5
BRDA:34,2,3,4
BRDA:34,2,4,1
BRDA:34,2,5,0
BRDA:34,2,6,1
BRDA:34,2,7,1
BRDA:34,2,8,1
BRDA:34,3,0,1
BRDA:34,3,1,4
BRDA:42,4,0,3
BRDA:42,4,1,3
BRDA:42,4,2,0
BRDA:42,4,3,3
BRF:22
BRH:19
end_of_record
