SF:lib\infraestructure\view\Pages\HomeScreen.dart
DA:10,1
DA:11,6
LF:2
LH:2
end_of_record
SF:lib\infraestructure\view\widgets\Panel.dart
DA:11,1
DA:13,1
DA:14,2
DA:23,1
DA:24,3
DA:27,1
DA:29,1
DA:30,3
DA:31,3
DA:34,1
DA:36,1
DA:38,1
DA:40,1
DA:41,1
DA:43,1
DA:44,4
DA:45,1
DA:47,1
DA:48,1
DA:49,1
DA:50,1
DA:51,1
DA:52,1
DA:56,1
DA:57,1
DA:58,3
DA:59,1
DA:60,1
DA:63,1
DA:64,1
DA:65,1
DA:66,1
LF:32
LH:32
end_of_record
SF:lib\infraestructure\view\widgets\PlaceDisplay.dart
DA:13,2
DA:15,1
DA:16,1
DA:25,0
DA:26,0
DA:27,0
DA:31,0
DA:32,0
DA:33,0
DA:37,0
DA:39,0
DA:40,0
DA:41,0
DA:42,0
DA:46,0
DA:47,0
DA:48,0
DA:52,0
DA:53,0
DA:54,0
DA:58,0
DA:59,0
DA:60,0
DA:64,0
DA:65,0
DA:66,0
DA:67,0
DA:70,1
DA:72,1
DA:73,0
DA:74,0
DA:75,0
DA:76,0
DA:77,0
DA:78,0
DA:80,0
DA:81,0
DA:82,0
DA:83,0
DA:86,0
DA:87,0
DA:88,0
DA:89,0
DA:90,0
DA:91,0
DA:95,0
DA:97,0
DA:100,0
DA:101,0
DA:102,0
DA:105,0
DA:106,0
DA:107,0
DA:110,0
DA:111,0
DA:112,0
DA:113,0
DA:114,0
DA:117,0
DA:118,0
DA:120,0
DA:121,0
DA:123,0
DA:124,0
DA:125,0
DA:126,0
DA:127,0
DA:129,0
DA:131,0
DA:132,0
DA:133,0
DA:135,0
DA:138,0
DA:139,0
DA:140,0
DA:141,0
DA:142,0
DA:145,0
DA:148,0
DA:150,0
DA:152,0
DA:153,0
DA:154,0
DA:155,0
DA:156,0
DA:157,0
DA:159,0
DA:162,0
DA:163,0
DA:164,0
DA:165,0
DA:166,0
DA:168,0
DA:171,0
DA:172,0
DA:173,0
DA:174,0
DA:175,0
DA:182,0
DA:183,0
DA:184,0
DA:185,0
DA:186,0
DA:187,0
DA:194,0
DA:196,0
DA:197,0
DA:198,0
DA:199,0
DA:201,0
DA:202,0
DA:203,0
DA:206,0
DA:207,0
DA:208,0
DA:209,0
DA:210,0
DA:211,0
DA:212,0
DA:213,0
DA:214,0
DA:217,0
DA:219,0
DA:220,0
DA:222,0
DA:224,0
DA:229,1
DA:230,0
DA:231,0
DA:232,0
DA:234,0
DA:235,0
DA:236,0
DA:237,0
DA:240,0
DA:243,0
DA:244,0
DA:247,0
DA:248,0
DA:249,0
DA:250,0
DA:251,0
DA:252,0
DA:255,0
DA:256,0
DA:258,0
DA:259,0
DA:261,0
DA:262,0
DA:263,0
DA:264,0
DA:267,0
DA:268,0
DA:271,0
DA:273,0
DA:274,0
DA:275,0
DA:276,0
DA:278,0
DA:279,0
DA:280,0
DA:282,0
DA:283,0
DA:284,0
DA:286,0
DA:287,0
DA:288,0
DA:289,0
DA:290,0
DA:291,0
DA:292,0
DA:293,0
DA:294,0
DA:297,0
DA:300,0
DA:301,0
DA:303,0
DA:305,0
DA:309,1
LF:179
LH:7
end_of_record
SF:lib\infraestructure\view\widgets\SearchBox.dart
DA:11,1
DA:12,1
DA:14,2
DA:20,1
DA:21,1
DA:23,1
DA:24,1
DA:25,1
DA:26,1
DA:27,2
DA:28,1
DA:29,0
DA:30,0
DA:32,0
DA:34,0
DA:36,0
DA:37,0
DA:38,0
DA:39,0
DA:40,0
DA:41,0
DA:44,2
DA:45,1
DA:46,1
DA:47,2
DA:50,1
DA:51,1
DA:52,1
LF:28
LH:18
end_of_record
SF:lib\infraestructure\view\map\MapWidget.dart
DA:12,1
DA:14,1
DA:15,2
DA:22,1
DA:24,0
DA:25,0
DA:26,0
DA:29,0
DA:30,0
DA:32,0
DA:34,0
DA:35,0
DA:37,0
DA:38,0
DA:39,0
DA:41,0
DA:42,0
DA:43,0
DA:44,0
DA:46,0
DA:50,1
DA:52,1
DA:57,1
DA:58,1
LF:24
LH:8
end_of_record
SF:lib\domain\models\Place.dart
DA:8,0
DA:25,0
DA:26,0
DA:27,0
DA:28,0
DA:32,1
DA:39,1
DA:45,0
LF:8
LH:2
end_of_record
SF:lib\domain\models\Rating.dart
DA:5,1
LF:1
LH:1
end_of_record
SF:lib\domain\services\Place.service.dart
DA:6,0
DA:8,0
DA:9,0
DA:14,0
DA:17,0
DA:18,0
DA:19,0
DA:20,0
DA:25,0
DA:28,0
DA:29,0
DA:30,0
DA:35,0
DA:37,0
DA:38,0
LF:15
LH:0
end_of_record
SF:lib\infraestructure\http\HttpException.dart
DA:4,0
DA:6,0
DA:8,0
LF:3
LH:0
end_of_record
SF:lib\infraestructure\repositories\Location.repository.dart
DA:11,0
DA:12,0
DA:13,0
DA:14,0
DA:18,0
DA:19,0
DA:22,0
DA:23,0
DA:24,0
DA:26,0
DA:27,0
DA:28,0
DA:29,0
DA:30,0
DA:31,0
DA:32,0
DA:33,0
DA:37,0
DA:38,0
DA:40,0
DA:42,0
DA:45,0
DA:46,0
DA:49,0
DA:50,0
DA:51,0
DA:53,0
DA:54,0
DA:55,0
DA:56,0
DA:57,0
DA:58,0
DA:59,0
DA:60,0
DA:64,0
DA:65,0
DA:67,0
DA:68,0
DA:69,0
DA:70,0
DA:71,0
DA:75,0
DA:76,0
DA:79,0
DA:80,0
DA:81,0
DA:83,0
DA:84,0
DA:85,0
DA:86,0
DA:87,0
DA:88,0
DA:89,0
DA:90,0
LF:54
LH:0
end_of_record
SF:lib\domain\services\Ratings.service.dart
DA:8,0
DA:10,0
DA:11,0
DA:16,0
DA:18,0
DA:19,0
DA:24,0
DA:27,0
DA:28,0
DA:29,0
LF:10
LH:0
end_of_record
SF:lib\infraestructure\DTOs\RatingsDTO.dart
DA:5,0
LF:1
LH:0
end_of_record
SF:lib\infraestructure\repositories\Ratings.repository.dart
DA:11,0
DA:12,0
DA:13,0
DA:14,0
DA:15,0
DA:16,0
DA:17,0
DA:21,0
DA:22,0
DA:25,0
DA:26,0
DA:27,0
DA:29,0
DA:30,0
DA:31,0
DA:32,0
DA:34,0
DA:35,0
DA:36,0
DA:41,0
DA:42,0
DA:44,0
DA:45,0
DA:46,0
DA:47,0
DA:48,0
DA:53,0
DA:54,0
DA:55,0
DA:58,0
DA:59,0
DA:60,0
DA:62,0
DA:63,0
DA:64,0
DA:66,0
LF:36
LH:0
end_of_record
SF:lib\infraestructure\http\HttpGraphqlService.dart
DA:8,0
DA:9,0
DA:13,0
DA:14,0
DA:15,0
DA:16,0
DA:18,0
DA:22,0
DA:25,0
DA:26,0
DA:27,0
DA:28,0
DA:33,0
DA:36,0
DA:37,0
DA:38,0
LF:16
LH:0
end_of_record
SF:lib\infraestructure\repositories\SearchRepository.dart
DA:12,0
DA:16,0
DA:18,0
DA:19,0
DA:20,0
DA:21,0
DA:22,0
DA:25,0
DA:26,0
DA:27,0
DA:28,0
DA:29,0
DA:30,0
DA:31,0
DA:32,0
DA:33,0
DA:34,0
DA:36,0
LF:18
LH:0
end_of_record
SF:lib\infraestructure\view\map\MapInteraction.dart
DA:17,1
DA:18,1
DA:21,0
DA:22,0
DA:25,1
DA:26,1
DA:29,0
DA:32,0
DA:33,0
DA:34,0
DA:35,0
DA:36,0
DA:37,0
DA:38,0
DA:39,0
DA:40,0
DA:41,0
DA:42,0
DA:43,0
DA:44,0
DA:48,0
DA:49,0
DA:52,0
DA:53,0
DA:54,0
DA:57,0
DA:58,0
DA:59,0
LF:28
LH:4
end_of_record
SF:lib\infraestructure\view\Pages\RatingPage.dart
DA:13,1
DA:17,1
DA:19,1
DA:20,1
DA:21,1
DA:22,1
DA:25,1
DA:26,1
DA:27,0
DA:30,1
DA:31,1
DA:32,1
DA:33,1
DA:34,1
DA:35,1
DA:36,1
DA:39,1
DA:41,1
DA:42,3
DA:43,1
DA:46,1
DA:47,1
DA:49,1
DA:50,2
DA:51,1
DA:52,4
DA:53,3
DA:54,0
DA:58,1
DA:61,1
DA:62,0
DA:64,0
DA:65,0
DA:66,0
DA:67,0
DA:69,0
DA:70,0
DA:71,0
DA:72,0
DA:75,0
DA:76,0
DA:77,0
DA:80,1
DA:81,1
DA:82,1
DA:83,2
DA:85,1
DA:86,1
DA:87,1
LF:49
LH:35
end_of_record
SF:lib\infraestructure\view\widgets\AlertDialog.dart
DA:4,0
DA:6,0
DA:8,0
DA:9,0
DA:11,0
DA:12,0
DA:13,0
DA:14,0
DA:18,0
DA:19,0
DA:20,0
DA:21,0
LF:12
LH:0
end_of_record
SF:lib\infraestructure\view\constants\RatingDescriptionData.dart
DA:5,1
DA:8,3
DA:9,1
DA:11,1
DA:13,1
DA:15,1
DA:17,1
LF:7
LH:7
end_of_record
SF:lib\infraestructure\view\widgets\RatingDescription.dart
DA:8,1
DA:10,1
DA:12,1
DA:13,1
DA:14,1
DA:15,2
DA:16,1
DA:17,1
DA:18,1
DA:19,1
DA:23,1
DA:24,1
DA:26,1
DA:27,1
DA:30,1
DA:31,1
DA:32,1
DA:33,1
DA:34,1
DA:37,1
DA:43,1
DA:45,2
DA:50,0
DA:51,0
DA:56,1
DA:59,1
DA:60,1
DA:61,1
LF:28
LH:26
end_of_record
SF:lib\infraestructure\view\Pages\Login.dart
DA:8,0
DA:9,0
DA:11,0
DA:12,0
DA:13,0
DA:14,0
DA:15,0
DA:16,0
DA:19,0
DA:21,0
DA:25,0
DA:26,0
DA:27,0
DA:31,0
DA:33,0
DA:34,0
DA:35,0
DA:36,0
DA:38,0
DA:39,0
DA:40,0
DA:41,0
DA:42,0
DA:47,0
DA:55,1
DA:57,1
DA:58,1
DA:59,1
DA:60,1
DA:61,1
DA:63,1
DA:64,1
DA:66,1
DA:70,1
LF:34
LH:10
end_of_record
SF:lib\infraestructure\view\widgets\LoginForm.dart
DA:9,2
DA:10,2
DA:18,2
DA:20,2
DA:21,2
DA:22,2
DA:23,2
DA:24,2
DA:25,2
DA:26,2
DA:27,2
DA:28,2
DA:30,2
DA:31,2
DA:32,0
DA:33,0
DA:39,2
DA:40,2
DA:41,2
DA:44,2
DA:48,2
DA:52,0
DA:53,0
DA:58,2
DA:68,2
DA:71,2
DA:72,2
DA:73,0
DA:74,0
DA:75,0
DA:76,0
DA:78,0
DA:79,0
DA:81,0
DA:82,0
DA:83,0
DA:84,0
DA:85,0
DA:89,2
DA:90,2
DA:91,2
DA:92,4
DA:93,2
DA:94,4
DA:96,2
DA:97,2
DA:98,2
DA:99,0
DA:100,0
DA:102,0
DA:103,0
DA:105,2
DA:107,4
LF:53
LH:34
end_of_record
SF:lib\domain\models\Credentials.dart
DA:5,0
DA:13,0
LF:2
LH:0
end_of_record
SF:lib\domain\services\Credentials.service.dart
DA:5,0
DA:7,0
DA:13,0
DA:15,0
DA:17,0
LF:5
LH:0
end_of_record
SF:lib\infraestructure\repositories\Credentials.repository.dart
DA:9,0
DA:11,0
DA:12,0
DA:13,0
DA:14,0
DA:15,0
DA:18,0
DA:19,0
DA:20,0
DA:22,0
DA:23,0
DA:25,0
DA:26,0
DA:27,0
DA:28,0
DA:32,0
DA:33,0
DA:34,0
DA:35,0
DA:36,0
DA:37,0
DA:38,0
DA:41,0
DA:42,0
DA:43,0
LF:25
LH:0
end_of_record
SF:lib\infraestructure\DTOs\CredentialsDTO.dart
DA:5,0
DA:7,0
DA:15,0
DA:17,0
DA:18,0
LF:5
LH:0
end_of_record
SF:lib\infraestructure\view\Pages\Register.dart
DA:5,1
DA:7,1
DA:9,1
DA:10,1
DA:11,1
DA:12,1
DA:13,2
DA:15,1
DA:24,1
DA:26,1
DA:27,2
DA:28,1
DA:31,1
DA:32,1
DA:33,0
DA:35,1
DA:37,1
DA:38,1
DA:40,1
DA:44,1
LF:20
LH:19
end_of_record
SF:lib\infraestructure\view\widgets\RegisterForm.dart
DA:8,2
DA:9,2
DA:19,2
DA:21,2
DA:22,2
DA:23,2
DA:24,2
DA:25,2
DA:26,2
DA:27,2
DA:28,2
DA:29,2
DA:30,2
DA:31,0
DA:32,0
DA:38,2
DA:39,2
DA:40,2
DA:41,2
DA:42,2
DA:43,0
DA:44,0
DA:50,2
DA:51,2
DA:52,2
DA:53,2
DA:57,2
DA:61,0
DA:62,0
DA:67,2
DA:68,2
DA:69,2
DA:70,2
DA:74,2
DA:78,0
DA:79,0
DA:82,0
DA:87,2
DA:88,2
DA:89,2
DA:90,0
DA:91,0
DA:93,0
DA:94,0
DA:96,0
DA:98,0
DA:99,0
DA:100,0
DA:101,0
DA:105,2
DA:106,2
DA:107,2
DA:108,4
DA:110,2
DA:111,2
DA:112,2
LF:56
LH:38
end_of_record
